Tecplot 2018.2.1.93726 Batch Log
ACTION: PageControl: CREATE
ACTION: LoadAddOn
ACTION: LoadAddOn
ACTION: LoadAddOn
ACTION: LoadAddOn
ACTION: LoadAddOn
ACTION: LoadAddOn
ACTION: LoadAddOn
ACTION: LoadAddOn
ACTION: LoadAddOn
ACTION: LoadAddOn
ACTION: LoadAddOn
ACTION: LoadAddOn
ACTION: LoadAddOn
ACTION: LoadAddOn
ACTION: LoadAddOn
ACTION: LoadAddOn
ACTION: LoadAddOn
ACTION: LoadAddOn
ACTION: LoadAddOn
ACTION: LoadAddOn
ACTION: LoadAddOn
ACTION: LoadAddOn
ACTION: LoadAddOn
ACTION: LoadAddOn
ACTION: LoadAddOn
ACTION: LoadAddOn
ACTION: LoadAddOn
ACTION: LoadAddOn
ACTION: LoadAddOn
ACTION: LoadAddOn
ACTION: LoadAddOn
ACTION: LoadAddOn
ACTION: LoadAddOn
ACTION: LoadAddOn
ACTION: LoadAddOn
ACTION: LoadAddOn
ACTION: LoadAddOn
ACTION: LoadAddOn
ACTION: LoadAddOn
ACTION: ReadDataSet: "scratcho.TMPLT.tecplot.dat"
ACTION: WriteDataSet:  scratcho.TMPLT.neighbours.dat
